<?xml version="1.0" encoding="UTF-8"?>
<!-- Generated by org.testng.reporters.JUnitReportReporter -->
<testsuite hostname="DESKTOP-24IJ0BK" failures="0" tests="3" name="alertExample.AlertExampleDemo" time="6.322" errors="0" timestamp="2022-02-04T09:44:39 IST" skipped="0">
  <testcase classname="alertExample.AlertExampleDemo" name="promptAlert" time="2.065"/>
  <system-out/>
  <testcase classname="alertExample.AlertExampleDemo" name="confirmAlert" time="2.194"/>
  <system-out/>
  <testcase classname="alertExample.AlertExampleDemo" name="simpleAlert" time="2.063"/>
  <system-out/>
</testsuite> <!-- alertExample.AlertExampleDemo -->
