<?xml version="1.0" encoding="UTF-8"?>
<!-- Generated by org.testng.reporters.JUnitReportReporter -->
<testsuite hostname="DESKTOP-24IJ0BK" failures="0" tests="2" name="com.org.coforge.webApplications.AmazonTest" time="1.928" errors="0" timestamp="2022-02-02T15:20:03 IST" skipped="0">
  <testcase classname="com.org.coforge.webApplications.AmazonTest" name="searchItems" time="1.896"/>
  <system-out/>
  <testcase classname="com.org.coforge.webApplications.AmazonTest" name="verifyAppTitle" time="0.032"/>
  <system-out/>
</testsuite> <!-- com.org.coforge.webApplications.AmazonTest -->
