<?xml version="1.0" encoding="UTF-8"?>
<!-- Generated by org.testng.reporters.JUnitReportReporter -->
<testsuite hostname="DESKTOP-24IJ0BK" failures="0" tests="1" name="Frame.FrameExample" time="3.395" errors="0" timestamp="2022-02-04T11:26:44 IST" skipped="0">
  <testcase classname="Frame.FrameExample" name="simpleAlert" time="3.395"/>
  <system-out/>
</testsuite> <!-- Frame.FrameExample -->
