<?xml version="1.0" encoding="UTF-8"?>
<!-- Generated by org.testng.reporters.JUnitReportReporter -->
<testsuite hostname="DESKTOP-24IJ0BK" failures="0" tests="6" name="CrossBrowser.LoginExample" time="27.216" errors="0" timestamp="2022-02-03T14:26:46 IST" skipped="0">
  <testcase classname="CrossBrowser.LoginExample" name="verifyLogin" time="5.315"/>
  <system-out/>
  <testcase classname="CrossBrowser.LoginExample" name="verifyLogin" time="5.841"/>
  <system-out/>
  <testcase classname="CrossBrowser.LoginExample" name="verifyDashboard" time="0.026"/>
  <system-out/>
  <testcase classname="CrossBrowser.LoginExample" name="verifyDashboard" time="0.029"/>
  <system-out/>
  <testcase classname="CrossBrowser.LoginExample" name="verifyLogout" time="7.969"/>
  <system-out/>
  <testcase classname="CrossBrowser.LoginExample" name="verifyLogout" time="8.036"/>
  <system-out/>
</testsuite> <!-- CrossBrowser.LoginExample -->
