<?xml version="1.0" encoding="UTF-8"?>
<!-- Generated by org.testng.reporters.JUnitReportReporter -->
<testsuite hostname="DESKTOP-24IJ0BK" failures="0" tests="1" name="Read.LoginExample" time="6.369" errors="0" timestamp="2022-02-03T11:50:52 IST" skipped="0">
  <testcase classname="Read.LoginExample" name="verifyLogin" time="6.369"/>
  <system-out/>
</testsuite> <!-- Read.LoginExample -->
