<?xml version="1.0" encoding="UTF-8"?>
<!-- Generated by org.testng.reporters.JUnitReportReporter -->
<testsuite hostname="DESKTOP-24IJ0BK" failures="0" tests="1" name="excelFileExample.RegisterStudentExcelTest" time="53.416" errors="0" timestamp="2022-02-07T14:33:56 IST" skipped="0">
  <testcase classname="excelFileExample.RegisterStudentExcelTest" name="RegistrationDataDrivernTest" time="53.416"/>
  <system-out/>
</testsuite> <!-- excelFileExample.RegisterStudentExcelTest -->
