<?xml version="1.0" encoding="UTF-8"?>
<!-- Generated by org.testng.reporters.JUnitReportReporter -->
<testsuite hostname="DESKTOP-24IJ0BK" failures="0" tests="1" name="javascriptExample.javascriptTest" time="0.070" errors="0" timestamp="2022-02-05T09:55:45 IST" skipped="0">
  <testcase classname="javascriptExample.javascriptTest" name="dragdropTest" time="0.070"/>
  <system-out/>
</testsuite> <!-- javascriptExample.javascriptTest -->
