<?xml version="1.0" encoding="UTF-8"?>
<!-- Generated by org.testng.reporters.JUnitReportReporter -->
<testsuite hostname="DESKTOP-24IJ0BK" failures="0" tests="1" name="takeScreenshotExample.AmazonSearch" time="2.132" errors="0" timestamp="2022-02-04T13:35:49 IST" skipped="0">
  <testcase classname="takeScreenshotExample.AmazonSearch" name="contextClick" time="2.132"/>
  <system-out/>
</testsuite> <!-- takeScreenshotExample.AmazonSearch -->
