<?xml version="1.0" encoding="UTF-8"?>
<!-- Generated by org.testng.reporters.JUnitReportReporter -->
<testsuite hostname="DESKTOP-24IJ0BK" failures="0" tests="1" name="controlExample.SampleApplicationTest" time="14.465" errors="0" timestamp="2022-02-04T09:32:33 IST" skipped="0">
  <testcase classname="controlExample.SampleApplicationTest" name="verifyLogin" time="14.465"/>
  <system-out/>
</testsuite> <!-- controlExample.SampleApplicationTest -->
