<?xml version="1.0" encoding="UTF-8"?>
<!-- Generated by org.testng.reporters.JUnitReportReporter -->
<testsuite hostname="DESKTOP-24IJ0BK" failures="0" tests="1" name="xPathExample.XpathExample3" time="0.151" errors="0" timestamp="2022-02-06T18:37:54 IST" skipped="0">
  <testcase classname="xPathExample.XpathExample3" name="SeeMoreClick" time="0.151"/>
  <system-out/>
</testsuite> <!-- xPathExample.XpathExample3 -->
