<?xml version="1.0" encoding="UTF-8"?>
<!-- Generated by org.testng.reporters.JUnitReportReporter -->
<testsuite hostname="DESKTOP-24IJ0BK" failures="0" tests="4" name="com.org.coforge.webApplications.TestNGTrail2" time="0.009" errors="0" timestamp="2022-02-02T14:21:36 IST" skipped="0">
  <testcase classname="com.org.coforge.webApplications.TestNGTrail2" name="login" time="0.006"/>
  <system-out/>
  <testcase classname="com.org.coforge.webApplications.TestNGTrail2" name="addItemsToCart" time="0.001"/>
  <system-out/>
  <testcase classname="com.org.coforge.webApplications.TestNGTrail2" name="payment" time="0.001"/>
  <system-out/>
  <testcase classname="com.org.coforge.webApplications.TestNGTrail2" name="logout" time="0.001"/>
  <system-out/>
</testsuite> <!-- com.org.coforge.webApplications.TestNGTrail2 -->
