<?xml version="1.0" encoding="UTF-8"?>
<!-- Generated by org.testng.reporters.JUnitReportReporter -->
<testsuite hostname="DESKTOP-24IJ0BK" failures="0" tests="1" name="com.org.coforge.webApplications.TestNGTrail" time="11.211" errors="0" timestamp="2022-02-02T12:52:58 IST" skipped="0">
  <testcase classname="com.org.coforge.webApplications.TestNGTrail" name="TC_01" time="11.211"/>
  <system-out/>
</testsuite> <!-- com.org.coforge.webApplications.TestNGTrail -->
