<?xml version="1.0" encoding="UTF-8"?>
<!-- Generated by org.testng.reporters.JUnitReportReporter -->
<testsuite hostname="DESKTOP-24IJ0BK" failures="0" tests="1" name="actionExample.DragDropTest" time="0.427" errors="0" timestamp="2022-02-04T12:15:01 IST" skipped="0">
  <testcase classname="actionExample.DragDropTest" name="dragdrop" time="0.427"/>
  <system-out/>
</testsuite> <!-- actionExample.DragDropTest -->
