<?xml version="1.0" encoding="UTF-8"?>
<!-- Generated by org.testng.reporters.JUnitReportReporter -->
<testsuite hostname="DESKTOP-24IJ0BK" failures="0" tests="1" name="xPathExample.XpathExample2" time="0.119" errors="0" timestamp="2022-02-06T18:36:31 IST" skipped="0">
  <testcase classname="xPathExample.XpathExample2" name="SeeMoreClick" time="0.119"/>
  <system-out/>
</testsuite> <!-- xPathExample.XpathExample2 -->
