<?xml version="1.0" encoding="UTF-8"?>
<!-- Generated by org.testng.reporters.JUnitReportReporter -->
<testsuite hostname="DESKTOP-24IJ0BK" failures="0" tests="3" name="com.org.coforge.webApplications.AmazonTest2" time="1.844" errors="0" timestamp="2022-02-02T15:21:18 IST" skipped="0">
  <testcase classname="com.org.coforge.webApplications.AmazonTest2" name="verifyAppTitleBeforeSearch" time="0.020"/>
  <system-out/>
  <testcase classname="com.org.coforge.webApplications.AmazonTest2" name="searchItems" time="1.796"/>
  <system-out/>
  <testcase classname="com.org.coforge.webApplications.AmazonTest2" name="verifyAppTitle" time="0.028"/>
  <system-out/>
</testsuite> <!-- com.org.coforge.webApplications.AmazonTest2 -->
