<?xml version="1.0" encoding="UTF-8"?>
<!-- Generated by org.testng.reporters.JUnitReportReporter -->
<testsuite hostname="DESKTOP-24IJ0BK" failures="0" tests="1" name="controlExample.ListboxExample" time="5.521" errors="0" timestamp="2022-02-04T14:07:55 IST" skipped="0">
  <testcase classname="controlExample.ListboxExample" name="handleList" time="5.521"/>
  <system-out/>
</testsuite> <!-- controlExample.ListboxExample -->
