<?xml version="1.0" encoding="UTF-8"?>
<!-- Generated by org.testng.reporters.JUnitReportReporter -->
<testsuite hostname="DESKTOP-24IJ0BK" failures="0" tests="1" name="xPathExample.XpathExample" time="2.337" errors="0" timestamp="2022-02-06T18:35:21 IST" skipped="0">
  <testcase classname="xPathExample.XpathExample" name="SeeMoreClick" time="2.337"/>
  <system-out/>
</testsuite> <!-- xPathExample.XpathExample -->
