<?xml version="1.0" encoding="UTF-8"?>
<!-- Generated by org.testng.reporters.JUnitReportReporter -->
<testsuite hostname="DESKTOP-24IJ0BK" failures="0" tests="1" name="controlExample.ListboxExample1" time="4.372" errors="0" timestamp="2022-02-05T09:57:55 IST" skipped="0">
  <testcase classname="controlExample.ListboxExample1" name="handleList2" time="4.372"/>
  <system-out/>
</testsuite> <!-- controlExample.ListboxExample1 -->
