<?xml version="1.0" encoding="UTF-8"?>
<!-- Generated by org.testng.reporters.JUnitReportReporter -->
<testsuite skipped="0" hostname="DESKTOP-24IJ0BK" name="dataDrivenTestExample.LoginWithInvalidUser" tests="3" failures="0" timestamp="2022-02-07T15:49:23 IST" time="19.824" errors="0">
  <testcase name="verifyLogin" time="6.838" classname="dataDrivenTestExample.LoginWithInvalidUser"/>
  <system-out/>
  <testcase name="verifyLogin" time="6.516" classname="dataDrivenTestExample.LoginWithInvalidUser"/>
  <system-out/>
  <testcase name="verifyLogin" time="6.470" classname="dataDrivenTestExample.LoginWithInvalidUser"/>
  <system-out/>
</testsuite> <!-- dataDrivenTestExample.LoginWithInvalidUser -->
